<?xml version="1.0" encoding="UTF-8"?>
<!-- Generated by org.testng.reporters.JUnitReportReporter -->
<testsuite hostname="Think-Pad" failures="0" tests="1" name="smarttech.ny.myrunner.TestRunner" time="7.574" errors="0" timestamp="2023-06-17T17:55:41 EDT" skipped="0">
  <testcase classname="smarttech.ny.myrunner.TestRunner" name="runScenario" time="7.574"/>
  <system-out/>
</testsuite> <!-- smarttech.ny.myrunner.TestRunner -->
