<?xml version="1.0" encoding="UTF-8"?>
<!-- Generated by org.testng.reporters.JUnitReportReporter -->
<testsuite hostname="Think-Pad" failures="0" tests="2" name="smarttech.ny.hooks.FailedTestCases" time="0.018" errors="0" timestamp="2023-05-13T19:28:32 EDT" skipped="0">
  <testcase classname="smarttech.ny.hooks.FailedTestCases" name="getTestOne" time="0.017"/>
  <system-out/>
  <testcase classname="smarttech.ny.hooks.FailedTestCases" name="getTestThree" time="0.001"/>
  <system-out/>
</testsuite> <!-- smarttech.ny.hooks.FailedTestCases -->
