<?xml version="1.0" encoding="UTF-8"?>
<!-- Generated by org.testng.reporters.JUnitReportReporter -->
<testsuite hostname="Think-Pad" failures="0" tests="1" name="javacoding.challenges.BreakAndContinueStatement" time="0.009" errors="0" timestamp="2023-05-24T20:01:13 EDT" skipped="0">
  <testcase classname="javacoding.challenges.BreakAndContinueStatement" name="getSkipTheValue" time="0.009"/>
  <system-out/>
</testsuite> <!-- javacoding.challenges.BreakAndContinueStatement -->
