<?xml version="1.0" encoding="UTF-8"?>
<!-- Generated by org.testng.reporters.JUnitReportReporter -->
<testsuite hostname="Think-Pad" failures="0" tests="1" name="smarttech.ny.myrunner.TestRunner" time="6.855" errors="0" timestamp="2023-05-06T16:26:31 EDT" skipped="0">
  <testcase classname="smarttech.ny.myrunner.TestRunner" name="runScenario" time="6.855"/>
  <system-out/>
</testsuite> <!-- smarttech.ny.myrunner.TestRunner -->
