<?xml version="1.0" encoding="UTF-8"?>
<!-- Generated by org.testng.reporters.JUnitReportReporter -->
<testsuite hostname="Think-Pad" failures="0" tests="1" name="smarttech.ny.myrunner.TestRunner" time="3.821" errors="0" timestamp="2023-04-30T20:05:45 EDT" skipped="0">
  <testcase classname="smarttech.ny.myrunner.TestRunner" name="runScenario" time="3.821"/>
  <system-out/>
</testsuite> <!-- smarttech.ny.myrunner.TestRunner -->
