<?xml version="1.0" encoding="UTF-8"?>
<!-- Generated by org.testng.reporters.JUnitReportReporter -->
<testsuite hostname="Think-Pad" failures="0" tests="2" name="smarttech.ny.myrunner.TestRunner" time="14.423" errors="0" timestamp="20 May 2023 01:08:47 GMT" skipped="0">
  <testcase classname="smarttech.ny.myrunner.TestRunner" name="runScenario" time="7.513"/>
  <testcase classname="smarttech.ny.myrunner.TestRunner" name="runScenario" time="6.910"/>
</testsuite> <!-- smarttech.ny.myrunner.TestRunner -->
