<?xml version="1.0" encoding="UTF-8"?>
<!-- Generated by org.testng.reporters.JUnitReportReporter -->
<testsuite hostname="Think-Pad" failures="0" tests="1" name="smarttech.ny.myrunner.TestRunner" time="8.423" errors="0" timestamp="17 Jun 2023 23:15:48 GMT" skipped="0">
  <testcase classname="smarttech.ny.myrunner.TestRunner" name="runScenario" time="8.423"/>
</testsuite> <!-- smarttech.ny.myrunner.TestRunner -->
