<?xml version="1.0" encoding="UTF-8"?>
<!-- Generated by org.testng.reporters.JUnitReportReporter -->
<testsuite hostname="Think-Pad" failures="0" tests="1" name="smarttech.ny.myrunner.TestRunner" time="8.465" errors="0" timestamp="24 Jun 2023 21:16:00 GMT" skipped="0">
  <testcase classname="smarttech.ny.myrunner.TestRunner" name="runScenario" time="8.465"/>
</testsuite> <!-- smarttech.ny.myrunner.TestRunner -->
