<?xml version="1.0" encoding="UTF-8"?>
<!-- Generated by org.testng.reporters.JUnitReportReporter -->
<testsuite hostname="Think-Pad" failures="0" tests="1" name="smarttech.ny.myrunner.TestRunner" time="6.508" errors="0" timestamp="19 May 2023 02:49:34 GMT" skipped="0">
  <testcase classname="smarttech.ny.myrunner.TestRunner" name="runScenario" time="6.508"/>
</testsuite> <!-- smarttech.ny.myrunner.TestRunner -->
