<?xml version="1.0" encoding="UTF-8"?>
<!-- Generated by org.testng.reporters.JUnitReportReporter -->
<testsuite hostname="Think-Pad" failures="0" tests="2" name="smarttech.ny.myrunner.TestRunner" time="14.517" errors="0" timestamp="19 May 2023 23:49:19 GMT" skipped="0">
  <testcase classname="smarttech.ny.myrunner.TestRunner" name="runScenario" time="8.019"/>
  <testcase classname="smarttech.ny.myrunner.TestRunner" name="runScenario" time="6.498"/>
</testsuite> <!-- smarttech.ny.myrunner.TestRunner -->
