<?xml version="1.0" encoding="UTF-8"?>
<!-- Generated by org.testng.reporters.JUnitReportReporter -->
<testsuite hostname="Think-Pad" failures="0" tests="2" name="smarttech.ny.myrunner.TestRunner" time="9.861" errors="0" timestamp="17 Jun 2023 17:36:03 GMT" skipped="0">
  <testcase classname="smarttech.ny.myrunner.TestRunner" name="runScenario" time="4.520"/>
  <testcase classname="smarttech.ny.myrunner.TestRunner" name="runScenario" time="5.341"/>
</testsuite> <!-- smarttech.ny.myrunner.TestRunner -->
